C:\USERS\PRADEEP K\DOCUMENTS\VISUAL STUDIO 2010\PROJECTS\TICTACTOE\DEBUG\TICTACTOE.EXE
C:\USERS\PRADEEP K\DOCUMENTS\VISUAL STUDIO 2010\PROJECTS\TICTACTOE\DEBUG\TICTACTOE.ILK
C:\USERS\PRADEEP K\DOCUMENTS\VISUAL STUDIO 2010\PROJECTS\TICTACTOE\DEBUG\TICTACTOE.PDB
C:\USERS\PRADEEP K\DOCUMENTS\VISUAL STUDIO 2010\PROJECTS\TICTACTOE\TICTACTOE\DEBUG\.NETFRAMEWORK,VERSION=V4.0.ASSEMBLYATTRIBUTES.OBJ
C:\USERS\PRADEEP K\DOCUMENTS\VISUAL STUDIO 2010\PROJECTS\TICTACTOE\TICTACTOE\DEBUG\APP.RES
C:\USERS\PRADEEP K\DOCUMENTS\VISUAL STUDIO 2010\PROJECTS\TICTACTOE\TICTACTOE\DEBUG\ASSEMBLYINFO.OBJ
C:\Users\Pradeep K\Documents\Visual Studio 2010\Projects\TicTacToe\TicTacToe\Debug\cl.command.1.tlog
C:\Users\Pradeep K\Documents\Visual Studio 2010\Projects\TicTacToe\TicTacToe\Debug\CL.read.1.tlog
C:\Users\Pradeep K\Documents\Visual Studio 2010\Projects\TicTacToe\TicTacToe\Debug\CL.write.1.tlog
C:\Users\Pradeep K\Documents\Visual Studio 2010\Projects\TicTacToe\TicTacToe\Debug\link.1948.read.1.tlog
C:\Users\Pradeep K\Documents\Visual Studio 2010\Projects\TicTacToe\TicTacToe\Debug\link.1948.write.1.tlog
C:\Users\Pradeep K\Documents\Visual Studio 2010\Projects\TicTacToe\TicTacToe\Debug\link.1948-cvtres.read.1.tlog
C:\Users\Pradeep K\Documents\Visual Studio 2010\Projects\TicTacToe\TicTacToe\Debug\link.1948-cvtres.write.1.tlog
C:\Users\Pradeep K\Documents\Visual Studio 2010\Projects\TicTacToe\TicTacToe\Debug\link.220.read.1.tlog
C:\Users\Pradeep K\Documents\Visual Studio 2010\Projects\TicTacToe\TicTacToe\Debug\link.220.write.1.tlog
C:\Users\Pradeep K\Documents\Visual Studio 2010\Projects\TicTacToe\TicTacToe\Debug\link.220-cvtres.read.1.tlog
C:\Users\Pradeep K\Documents\Visual Studio 2010\Projects\TicTacToe\TicTacToe\Debug\link.220-cvtres.write.1.tlog
C:\Users\Pradeep K\Documents\Visual Studio 2010\Projects\TicTacToe\TicTacToe\Debug\link.2508.read.1.tlog
C:\Users\Pradeep K\Documents\Visual Studio 2010\Projects\TicTacToe\TicTacToe\Debug\link.2508.write.1.tlog
C:\Users\Pradeep K\Documents\Visual Studio 2010\Projects\TicTacToe\TicTacToe\Debug\link.2508-cvtres.read.1.tlog
C:\Users\Pradeep K\Documents\Visual Studio 2010\Projects\TicTacToe\TicTacToe\Debug\link.2508-cvtres.write.1.tlog
C:\Users\Pradeep K\Documents\Visual Studio 2010\Projects\TicTacToe\TicTacToe\Debug\link.2572.read.1.tlog
C:\Users\Pradeep K\Documents\Visual Studio 2010\Projects\TicTacToe\TicTacToe\Debug\link.2572.write.1.tlog
C:\Users\Pradeep K\Documents\Visual Studio 2010\Projects\TicTacToe\TicTacToe\Debug\link.2572-cvtres.read.1.tlog
C:\Users\Pradeep K\Documents\Visual Studio 2010\Projects\TicTacToe\TicTacToe\Debug\link.2572-cvtres.write.1.tlog
C:\Users\Pradeep K\Documents\Visual Studio 2010\Projects\TicTacToe\TicTacToe\Debug\link.2576.read.1.tlog
C:\Users\Pradeep K\Documents\Visual Studio 2010\Projects\TicTacToe\TicTacToe\Debug\link.2576.write.1.tlog
C:\Users\Pradeep K\Documents\Visual Studio 2010\Projects\TicTacToe\TicTacToe\Debug\link.2576-cvtres.read.1.tlog
C:\Users\Pradeep K\Documents\Visual Studio 2010\Projects\TicTacToe\TicTacToe\Debug\link.2576-cvtres.write.1.tlog
C:\Users\Pradeep K\Documents\Visual Studio 2010\Projects\TicTacToe\TicTacToe\Debug\link.3044.read.1.tlog
C:\Users\Pradeep K\Documents\Visual Studio 2010\Projects\TicTacToe\TicTacToe\Debug\link.3044.write.1.tlog
C:\Users\Pradeep K\Documents\Visual Studio 2010\Projects\TicTacToe\TicTacToe\Debug\link.3044-cvtres.read.1.tlog
C:\Users\Pradeep K\Documents\Visual Studio 2010\Projects\TicTacToe\TicTacToe\Debug\link.3044-cvtres.write.1.tlog
C:\Users\Pradeep K\Documents\Visual Studio 2010\Projects\TicTacToe\TicTacToe\Debug\link.3404.read.1.tlog
C:\Users\Pradeep K\Documents\Visual Studio 2010\Projects\TicTacToe\TicTacToe\Debug\link.3404.write.1.tlog
C:\Users\Pradeep K\Documents\Visual Studio 2010\Projects\TicTacToe\TicTacToe\Debug\link.3404-cvtres.read.1.tlog
C:\Users\Pradeep K\Documents\Visual Studio 2010\Projects\TicTacToe\TicTacToe\Debug\link.3404-cvtres.write.1.tlog
C:\Users\Pradeep K\Documents\Visual Studio 2010\Projects\TicTacToe\TicTacToe\Debug\link.3960.read.1.tlog
C:\Users\Pradeep K\Documents\Visual Studio 2010\Projects\TicTacToe\TicTacToe\Debug\link.3960.write.1.tlog
C:\Users\Pradeep K\Documents\Visual Studio 2010\Projects\TicTacToe\TicTacToe\Debug\link.3960-cvtres.read.1.tlog
C:\Users\Pradeep K\Documents\Visual Studio 2010\Projects\TicTacToe\TicTacToe\Debug\link.3960-cvtres.write.1.tlog
C:\Users\Pradeep K\Documents\Visual Studio 2010\Projects\TicTacToe\TicTacToe\Debug\link.4128.read.1.tlog
C:\Users\Pradeep K\Documents\Visual Studio 2010\Projects\TicTacToe\TicTacToe\Debug\link.4128.write.1.tlog
C:\Users\Pradeep K\Documents\Visual Studio 2010\Projects\TicTacToe\TicTacToe\Debug\link.4128-cvtres.read.1.tlog
C:\Users\Pradeep K\Documents\Visual Studio 2010\Projects\TicTacToe\TicTacToe\Debug\link.4128-cvtres.write.1.tlog
C:\Users\Pradeep K\Documents\Visual Studio 2010\Projects\TicTacToe\TicTacToe\Debug\link.4144.read.1.tlog
C:\Users\Pradeep K\Documents\Visual Studio 2010\Projects\TicTacToe\TicTacToe\Debug\link.4144.write.1.tlog
C:\Users\Pradeep K\Documents\Visual Studio 2010\Projects\TicTacToe\TicTacToe\Debug\link.4144-cvtres.read.1.tlog
C:\Users\Pradeep K\Documents\Visual Studio 2010\Projects\TicTacToe\TicTacToe\Debug\link.4144-cvtres.write.1.tlog
C:\Users\Pradeep K\Documents\Visual Studio 2010\Projects\TicTacToe\TicTacToe\Debug\link.4440.read.1.tlog
C:\Users\Pradeep K\Documents\Visual Studio 2010\Projects\TicTacToe\TicTacToe\Debug\link.4440.write.1.tlog
C:\Users\Pradeep K\Documents\Visual Studio 2010\Projects\TicTacToe\TicTacToe\Debug\link.4440-cvtres.read.1.tlog
C:\Users\Pradeep K\Documents\Visual Studio 2010\Projects\TicTacToe\TicTacToe\Debug\link.4440-cvtres.write.1.tlog
C:\Users\Pradeep K\Documents\Visual Studio 2010\Projects\TicTacToe\TicTacToe\Debug\link.4448.read.1.tlog
C:\Users\Pradeep K\Documents\Visual Studio 2010\Projects\TicTacToe\TicTacToe\Debug\link.4448.write.1.tlog
C:\Users\Pradeep K\Documents\Visual Studio 2010\Projects\TicTacToe\TicTacToe\Debug\link.4448-cvtres.read.1.tlog
C:\Users\Pradeep K\Documents\Visual Studio 2010\Projects\TicTacToe\TicTacToe\Debug\link.4448-cvtres.write.1.tlog
C:\Users\Pradeep K\Documents\Visual Studio 2010\Projects\TicTacToe\TicTacToe\Debug\link.4584.read.1.tlog
C:\Users\Pradeep K\Documents\Visual Studio 2010\Projects\TicTacToe\TicTacToe\Debug\link.4584.write.1.tlog
C:\Users\Pradeep K\Documents\Visual Studio 2010\Projects\TicTacToe\TicTacToe\Debug\link.4584-cvtres.read.1.tlog
C:\Users\Pradeep K\Documents\Visual Studio 2010\Projects\TicTacToe\TicTacToe\Debug\link.4584-cvtres.write.1.tlog
C:\Users\Pradeep K\Documents\Visual Studio 2010\Projects\TicTacToe\TicTacToe\Debug\link.4620.read.1.tlog
C:\Users\Pradeep K\Documents\Visual Studio 2010\Projects\TicTacToe\TicTacToe\Debug\link.4620.write.1.tlog
C:\Users\Pradeep K\Documents\Visual Studio 2010\Projects\TicTacToe\TicTacToe\Debug\link.4620-cvtres.read.1.tlog
C:\Users\Pradeep K\Documents\Visual Studio 2010\Projects\TicTacToe\TicTacToe\Debug\link.4620-cvtres.write.1.tlog
C:\Users\Pradeep K\Documents\Visual Studio 2010\Projects\TicTacToe\TicTacToe\Debug\link.4716.read.1.tlog
C:\Users\Pradeep K\Documents\Visual Studio 2010\Projects\TicTacToe\TicTacToe\Debug\link.4716.write.1.tlog
C:\Users\Pradeep K\Documents\Visual Studio 2010\Projects\TicTacToe\TicTacToe\Debug\link.4716-cvtres.read.1.tlog
C:\Users\Pradeep K\Documents\Visual Studio 2010\Projects\TicTacToe\TicTacToe\Debug\link.4716-cvtres.write.1.tlog
C:\Users\Pradeep K\Documents\Visual Studio 2010\Projects\TicTacToe\TicTacToe\Debug\link.5140.read.1.tlog
C:\Users\Pradeep K\Documents\Visual Studio 2010\Projects\TicTacToe\TicTacToe\Debug\link.5140.write.1.tlog
C:\Users\Pradeep K\Documents\Visual Studio 2010\Projects\TicTacToe\TicTacToe\Debug\link.5140-cvtres.read.1.tlog
C:\Users\Pradeep K\Documents\Visual Studio 2010\Projects\TicTacToe\TicTacToe\Debug\link.5140-cvtres.write.1.tlog
C:\Users\Pradeep K\Documents\Visual Studio 2010\Projects\TicTacToe\TicTacToe\Debug\link.6228.read.1.tlog
C:\Users\Pradeep K\Documents\Visual Studio 2010\Projects\TicTacToe\TicTacToe\Debug\link.6228.write.1.tlog
C:\Users\Pradeep K\Documents\Visual Studio 2010\Projects\TicTacToe\TicTacToe\Debug\link.6228-cvtres.read.1.tlog
C:\Users\Pradeep K\Documents\Visual Studio 2010\Projects\TicTacToe\TicTacToe\Debug\link.6228-cvtres.write.1.tlog
C:\Users\Pradeep K\Documents\Visual Studio 2010\Projects\TicTacToe\TicTacToe\Debug\link.6268.read.1.tlog
C:\Users\Pradeep K\Documents\Visual Studio 2010\Projects\TicTacToe\TicTacToe\Debug\link.6268.write.1.tlog
C:\Users\Pradeep K\Documents\Visual Studio 2010\Projects\TicTacToe\TicTacToe\Debug\link.6268-cvtres.read.1.tlog
C:\Users\Pradeep K\Documents\Visual Studio 2010\Projects\TicTacToe\TicTacToe\Debug\link.6268-cvtres.write.1.tlog
C:\Users\Pradeep K\Documents\Visual Studio 2010\Projects\TicTacToe\TicTacToe\Debug\link.6368.read.1.tlog
C:\Users\Pradeep K\Documents\Visual Studio 2010\Projects\TicTacToe\TicTacToe\Debug\link.6368.write.1.tlog
C:\Users\Pradeep K\Documents\Visual Studio 2010\Projects\TicTacToe\TicTacToe\Debug\link.6368-cvtres.read.1.tlog
C:\Users\Pradeep K\Documents\Visual Studio 2010\Projects\TicTacToe\TicTacToe\Debug\link.6368-cvtres.write.1.tlog
C:\Users\Pradeep K\Documents\Visual Studio 2010\Projects\TicTacToe\TicTacToe\Debug\link.6460.read.1.tlog
C:\Users\Pradeep K\Documents\Visual Studio 2010\Projects\TicTacToe\TicTacToe\Debug\link.6460.write.1.tlog
C:\Users\Pradeep K\Documents\Visual Studio 2010\Projects\TicTacToe\TicTacToe\Debug\link.6460-cvtres.read.1.tlog
C:\Users\Pradeep K\Documents\Visual Studio 2010\Projects\TicTacToe\TicTacToe\Debug\link.6460-cvtres.write.1.tlog
C:\Users\Pradeep K\Documents\Visual Studio 2010\Projects\TicTacToe\TicTacToe\Debug\link.6548.read.1.tlog
C:\Users\Pradeep K\Documents\Visual Studio 2010\Projects\TicTacToe\TicTacToe\Debug\link.6548.write.1.tlog
C:\Users\Pradeep K\Documents\Visual Studio 2010\Projects\TicTacToe\TicTacToe\Debug\link.6548-cvtres.read.1.tlog
C:\Users\Pradeep K\Documents\Visual Studio 2010\Projects\TicTacToe\TicTacToe\Debug\link.6548-cvtres.write.1.tlog
C:\Users\Pradeep K\Documents\Visual Studio 2010\Projects\TicTacToe\TicTacToe\Debug\link.6588.read.1.tlog
C:\Users\Pradeep K\Documents\Visual Studio 2010\Projects\TicTacToe\TicTacToe\Debug\link.6588.write.1.tlog
C:\Users\Pradeep K\Documents\Visual Studio 2010\Projects\TicTacToe\TicTacToe\Debug\link.6588-cvtres.read.1.tlog
C:\Users\Pradeep K\Documents\Visual Studio 2010\Projects\TicTacToe\TicTacToe\Debug\link.6588-cvtres.write.1.tlog
C:\Users\Pradeep K\Documents\Visual Studio 2010\Projects\TicTacToe\TicTacToe\Debug\link.6800.read.1.tlog
C:\Users\Pradeep K\Documents\Visual Studio 2010\Projects\TicTacToe\TicTacToe\Debug\link.6800.write.1.tlog
C:\Users\Pradeep K\Documents\Visual Studio 2010\Projects\TicTacToe\TicTacToe\Debug\link.6800-cvtres.read.1.tlog
C:\Users\Pradeep K\Documents\Visual Studio 2010\Projects\TicTacToe\TicTacToe\Debug\link.6800-cvtres.write.1.tlog
C:\Users\Pradeep K\Documents\Visual Studio 2010\Projects\TicTacToe\TicTacToe\Debug\link.6880.read.1.tlog
C:\Users\Pradeep K\Documents\Visual Studio 2010\Projects\TicTacToe\TicTacToe\Debug\link.6880.write.1.tlog
C:\Users\Pradeep K\Documents\Visual Studio 2010\Projects\TicTacToe\TicTacToe\Debug\link.6880-cvtres.read.1.tlog
C:\Users\Pradeep K\Documents\Visual Studio 2010\Projects\TicTacToe\TicTacToe\Debug\link.6880-cvtres.write.1.tlog
C:\Users\Pradeep K\Documents\Visual Studio 2010\Projects\TicTacToe\TicTacToe\Debug\link.7144.read.1.tlog
C:\Users\Pradeep K\Documents\Visual Studio 2010\Projects\TicTacToe\TicTacToe\Debug\link.7144.write.1.tlog
C:\Users\Pradeep K\Documents\Visual Studio 2010\Projects\TicTacToe\TicTacToe\Debug\link.7144-cvtres.read.1.tlog
C:\Users\Pradeep K\Documents\Visual Studio 2010\Projects\TicTacToe\TicTacToe\Debug\link.7144-cvtres.write.1.tlog
C:\Users\Pradeep K\Documents\Visual Studio 2010\Projects\TicTacToe\TicTacToe\Debug\link.7332.read.1.tlog
C:\Users\Pradeep K\Documents\Visual Studio 2010\Projects\TicTacToe\TicTacToe\Debug\link.7332.write.1.tlog
C:\Users\Pradeep K\Documents\Visual Studio 2010\Projects\TicTacToe\TicTacToe\Debug\link.7332-cvtres.read.1.tlog
C:\Users\Pradeep K\Documents\Visual Studio 2010\Projects\TicTacToe\TicTacToe\Debug\link.7332-cvtres.write.1.tlog
C:\Users\Pradeep K\Documents\Visual Studio 2010\Projects\TicTacToe\TicTacToe\Debug\link.7544.read.1.tlog
C:\Users\Pradeep K\Documents\Visual Studio 2010\Projects\TicTacToe\TicTacToe\Debug\link.7544.write.1.tlog
C:\Users\Pradeep K\Documents\Visual Studio 2010\Projects\TicTacToe\TicTacToe\Debug\link.7544-cvtres.read.1.tlog
C:\Users\Pradeep K\Documents\Visual Studio 2010\Projects\TicTacToe\TicTacToe\Debug\link.7544-cvtres.write.1.tlog
C:\Users\Pradeep K\Documents\Visual Studio 2010\Projects\TicTacToe\TicTacToe\Debug\link.7576.read.1.tlog
C:\Users\Pradeep K\Documents\Visual Studio 2010\Projects\TicTacToe\TicTacToe\Debug\link.7576.write.1.tlog
C:\Users\Pradeep K\Documents\Visual Studio 2010\Projects\TicTacToe\TicTacToe\Debug\link.7576-cvtres.read.1.tlog
C:\Users\Pradeep K\Documents\Visual Studio 2010\Projects\TicTacToe\TicTacToe\Debug\link.7576-cvtres.write.1.tlog
C:\Users\Pradeep K\Documents\Visual Studio 2010\Projects\TicTacToe\TicTacToe\Debug\link.7680.read.1.tlog
C:\Users\Pradeep K\Documents\Visual Studio 2010\Projects\TicTacToe\TicTacToe\Debug\link.7680.write.1.tlog
C:\Users\Pradeep K\Documents\Visual Studio 2010\Projects\TicTacToe\TicTacToe\Debug\link.7680-cvtres.read.1.tlog
C:\Users\Pradeep K\Documents\Visual Studio 2010\Projects\TicTacToe\TicTacToe\Debug\link.7680-cvtres.write.1.tlog
C:\Users\Pradeep K\Documents\Visual Studio 2010\Projects\TicTacToe\TicTacToe\Debug\link.7720.read.1.tlog
C:\Users\Pradeep K\Documents\Visual Studio 2010\Projects\TicTacToe\TicTacToe\Debug\link.7720.write.1.tlog
C:\Users\Pradeep K\Documents\Visual Studio 2010\Projects\TicTacToe\TicTacToe\Debug\link.7720-cvtres.read.1.tlog
C:\Users\Pradeep K\Documents\Visual Studio 2010\Projects\TicTacToe\TicTacToe\Debug\link.7720-cvtres.write.1.tlog
C:\Users\Pradeep K\Documents\Visual Studio 2010\Projects\TicTacToe\TicTacToe\Debug\link.7724.read.1.tlog
C:\Users\Pradeep K\Documents\Visual Studio 2010\Projects\TicTacToe\TicTacToe\Debug\link.7724.write.1.tlog
C:\Users\Pradeep K\Documents\Visual Studio 2010\Projects\TicTacToe\TicTacToe\Debug\link.7724-cvtres.read.1.tlog
C:\Users\Pradeep K\Documents\Visual Studio 2010\Projects\TicTacToe\TicTacToe\Debug\link.7724-cvtres.write.1.tlog
C:\Users\Pradeep K\Documents\Visual Studio 2010\Projects\TicTacToe\TicTacToe\Debug\link.7760.read.1.tlog
C:\Users\Pradeep K\Documents\Visual Studio 2010\Projects\TicTacToe\TicTacToe\Debug\link.7760.write.1.tlog
C:\Users\Pradeep K\Documents\Visual Studio 2010\Projects\TicTacToe\TicTacToe\Debug\link.7760-cvtres.read.1.tlog
C:\Users\Pradeep K\Documents\Visual Studio 2010\Projects\TicTacToe\TicTacToe\Debug\link.7760-cvtres.write.1.tlog
C:\Users\Pradeep K\Documents\Visual Studio 2010\Projects\TicTacToe\TicTacToe\Debug\link.7784.read.1.tlog
C:\Users\Pradeep K\Documents\Visual Studio 2010\Projects\TicTacToe\TicTacToe\Debug\link.7784.write.1.tlog
C:\Users\Pradeep K\Documents\Visual Studio 2010\Projects\TicTacToe\TicTacToe\Debug\link.7784-cvtres.read.1.tlog
C:\Users\Pradeep K\Documents\Visual Studio 2010\Projects\TicTacToe\TicTacToe\Debug\link.7784-cvtres.write.1.tlog
C:\Users\Pradeep K\Documents\Visual Studio 2010\Projects\TicTacToe\TicTacToe\Debug\link.7880.read.1.tlog
C:\Users\Pradeep K\Documents\Visual Studio 2010\Projects\TicTacToe\TicTacToe\Debug\link.7880.write.1.tlog
C:\Users\Pradeep K\Documents\Visual Studio 2010\Projects\TicTacToe\TicTacToe\Debug\link.7880-cvtres.read.1.tlog
C:\Users\Pradeep K\Documents\Visual Studio 2010\Projects\TicTacToe\TicTacToe\Debug\link.7880-cvtres.write.1.tlog
C:\Users\Pradeep K\Documents\Visual Studio 2010\Projects\TicTacToe\TicTacToe\Debug\link.7964.read.1.tlog
C:\Users\Pradeep K\Documents\Visual Studio 2010\Projects\TicTacToe\TicTacToe\Debug\link.7964.write.1.tlog
C:\Users\Pradeep K\Documents\Visual Studio 2010\Projects\TicTacToe\TicTacToe\Debug\link.7964-cvtres.read.1.tlog
C:\Users\Pradeep K\Documents\Visual Studio 2010\Projects\TicTacToe\TicTacToe\Debug\link.7964-cvtres.write.1.tlog
C:\Users\Pradeep K\Documents\Visual Studio 2010\Projects\TicTacToe\TicTacToe\Debug\link.8200.read.1.tlog
C:\Users\Pradeep K\Documents\Visual Studio 2010\Projects\TicTacToe\TicTacToe\Debug\link.8200.write.1.tlog
C:\Users\Pradeep K\Documents\Visual Studio 2010\Projects\TicTacToe\TicTacToe\Debug\link.8200-cvtres.read.1.tlog
C:\Users\Pradeep K\Documents\Visual Studio 2010\Projects\TicTacToe\TicTacToe\Debug\link.8200-cvtres.write.1.tlog
C:\Users\Pradeep K\Documents\Visual Studio 2010\Projects\TicTacToe\TicTacToe\Debug\link.8252.read.1.tlog
C:\Users\Pradeep K\Documents\Visual Studio 2010\Projects\TicTacToe\TicTacToe\Debug\link.8252.write.1.tlog
C:\Users\Pradeep K\Documents\Visual Studio 2010\Projects\TicTacToe\TicTacToe\Debug\link.8252-cvtres.read.1.tlog
C:\Users\Pradeep K\Documents\Visual Studio 2010\Projects\TicTacToe\TicTacToe\Debug\link.8252-cvtres.write.1.tlog
C:\Users\Pradeep K\Documents\Visual Studio 2010\Projects\TicTacToe\TicTacToe\Debug\link.8500.read.1.tlog
C:\Users\Pradeep K\Documents\Visual Studio 2010\Projects\TicTacToe\TicTacToe\Debug\link.8500.write.1.tlog
C:\Users\Pradeep K\Documents\Visual Studio 2010\Projects\TicTacToe\TicTacToe\Debug\link.8500-cvtres.read.1.tlog
C:\Users\Pradeep K\Documents\Visual Studio 2010\Projects\TicTacToe\TicTacToe\Debug\link.8500-cvtres.write.1.tlog
C:\Users\Pradeep K\Documents\Visual Studio 2010\Projects\TicTacToe\TicTacToe\Debug\link.8528.read.1.tlog
C:\Users\Pradeep K\Documents\Visual Studio 2010\Projects\TicTacToe\TicTacToe\Debug\link.8528.write.1.tlog
C:\Users\Pradeep K\Documents\Visual Studio 2010\Projects\TicTacToe\TicTacToe\Debug\link.8528-cvtres.read.1.tlog
C:\Users\Pradeep K\Documents\Visual Studio 2010\Projects\TicTacToe\TicTacToe\Debug\link.8528-cvtres.write.1.tlog
C:\Users\Pradeep K\Documents\Visual Studio 2010\Projects\TicTacToe\TicTacToe\Debug\link.8544.read.1.tlog
C:\Users\Pradeep K\Documents\Visual Studio 2010\Projects\TicTacToe\TicTacToe\Debug\link.8544.write.1.tlog
C:\Users\Pradeep K\Documents\Visual Studio 2010\Projects\TicTacToe\TicTacToe\Debug\link.8544-cvtres.read.1.tlog
C:\Users\Pradeep K\Documents\Visual Studio 2010\Projects\TicTacToe\TicTacToe\Debug\link.8544-cvtres.write.1.tlog
C:\Users\Pradeep K\Documents\Visual Studio 2010\Projects\TicTacToe\TicTacToe\Debug\link.8560.read.1.tlog
C:\Users\Pradeep K\Documents\Visual Studio 2010\Projects\TicTacToe\TicTacToe\Debug\link.8560.write.1.tlog
C:\Users\Pradeep K\Documents\Visual Studio 2010\Projects\TicTacToe\TicTacToe\Debug\link.8560-cvtres.read.1.tlog
C:\Users\Pradeep K\Documents\Visual Studio 2010\Projects\TicTacToe\TicTacToe\Debug\link.8560-cvtres.write.1.tlog
C:\Users\Pradeep K\Documents\Visual Studio 2010\Projects\TicTacToe\TicTacToe\Debug\link.8664.read.1.tlog
C:\Users\Pradeep K\Documents\Visual Studio 2010\Projects\TicTacToe\TicTacToe\Debug\link.8664.write.1.tlog
C:\Users\Pradeep K\Documents\Visual Studio 2010\Projects\TicTacToe\TicTacToe\Debug\link.8664-cvtres.read.1.tlog
C:\Users\Pradeep K\Documents\Visual Studio 2010\Projects\TicTacToe\TicTacToe\Debug\link.8664-cvtres.write.1.tlog
C:\Users\Pradeep K\Documents\Visual Studio 2010\Projects\TicTacToe\TicTacToe\Debug\link.9028.read.1.tlog
C:\Users\Pradeep K\Documents\Visual Studio 2010\Projects\TicTacToe\TicTacToe\Debug\link.9028.write.1.tlog
C:\Users\Pradeep K\Documents\Visual Studio 2010\Projects\TicTacToe\TicTacToe\Debug\link.9028-cvtres.read.1.tlog
C:\Users\Pradeep K\Documents\Visual Studio 2010\Projects\TicTacToe\TicTacToe\Debug\link.9028-cvtres.write.1.tlog
C:\Users\Pradeep K\Documents\Visual Studio 2010\Projects\TicTacToe\TicTacToe\Debug\link.9152.read.1.tlog
C:\Users\Pradeep K\Documents\Visual Studio 2010\Projects\TicTacToe\TicTacToe\Debug\link.9152.write.1.tlog
C:\Users\Pradeep K\Documents\Visual Studio 2010\Projects\TicTacToe\TicTacToe\Debug\link.9152-cvtres.read.1.tlog
C:\Users\Pradeep K\Documents\Visual Studio 2010\Projects\TicTacToe\TicTacToe\Debug\link.9152-cvtres.write.1.tlog
C:\Users\Pradeep K\Documents\Visual Studio 2010\Projects\TicTacToe\TicTacToe\Debug\link.9164.read.1.tlog
C:\Users\Pradeep K\Documents\Visual Studio 2010\Projects\TicTacToe\TicTacToe\Debug\link.9164.write.1.tlog
C:\Users\Pradeep K\Documents\Visual Studio 2010\Projects\TicTacToe\TicTacToe\Debug\link.9164-cvtres.read.1.tlog
C:\Users\Pradeep K\Documents\Visual Studio 2010\Projects\TicTacToe\TicTacToe\Debug\link.9164-cvtres.write.1.tlog
C:\Users\Pradeep K\Documents\Visual Studio 2010\Projects\TicTacToe\TicTacToe\Debug\link.928.read.1.tlog
C:\Users\Pradeep K\Documents\Visual Studio 2010\Projects\TicTacToe\TicTacToe\Debug\link.928.write.1.tlog
C:\Users\Pradeep K\Documents\Visual Studio 2010\Projects\TicTacToe\TicTacToe\Debug\link.928-cvtres.read.1.tlog
C:\Users\Pradeep K\Documents\Visual Studio 2010\Projects\TicTacToe\TicTacToe\Debug\link.928-cvtres.write.1.tlog
C:\Users\Pradeep K\Documents\Visual Studio 2010\Projects\TicTacToe\TicTacToe\Debug\link.command.1.tlog
C:\Users\Pradeep K\Documents\Visual Studio 2010\Projects\TicTacToe\TicTacToe\Debug\link.read.1.tlog
C:\Users\Pradeep K\Documents\Visual Studio 2010\Projects\TicTacToe\TicTacToe\Debug\link.write.1.tlog
C:\Users\Pradeep K\Documents\Visual Studio 2010\Projects\TicTacToe\TicTacToe\Debug\mt.command.1.tlog
C:\Users\Pradeep K\Documents\Visual Studio 2010\Projects\TicTacToe\TicTacToe\Debug\mt.read.1.tlog
C:\Users\Pradeep K\Documents\Visual Studio 2010\Projects\TicTacToe\TicTacToe\Debug\mt.write.1.tlog
C:\Users\Pradeep K\Documents\Visual Studio 2010\Projects\TicTacToe\TicTacToe\Debug\rc.command.1.tlog
C:\Users\Pradeep K\Documents\Visual Studio 2010\Projects\TicTacToe\TicTacToe\Debug\rc.read.1.tlog
C:\Users\Pradeep K\Documents\Visual Studio 2010\Projects\TicTacToe\TicTacToe\Debug\rc.write.1.tlog
C:\USERS\PRADEEP K\DOCUMENTS\VISUAL STUDIO 2010\PROJECTS\TICTACTOE\TICTACTOE\DEBUG\STDAFX.OBJ
C:\USERS\PRADEEP K\DOCUMENTS\VISUAL STUDIO 2010\PROJECTS\TICTACTOE\TICTACTOE\DEBUG\TICTACTOE.EXE.INTERMEDIATE.MANIFEST
C:\Users\Pradeep K\Documents\Visual Studio 2010\Projects\TicTacToe\TicTacToe\Debug\TicTacToe.Form1.resources
C:\USERS\PRADEEP K\DOCUMENTS\VISUAL STUDIO 2010\PROJECTS\TICTACTOE\TICTACTOE\DEBUG\TICTACTOE.OBJ
C:\USERS\PRADEEP K\DOCUMENTS\VISUAL STUDIO 2010\PROJECTS\TICTACTOE\TICTACTOE\DEBUG\TICTACTOE.PCH
C:\Users\Pradeep K\Documents\Visual Studio 2010\Projects\TicTacToe\TicTacToe\Debug\TicTacToe.vcxproj.GenerateResource.Cache
C:\Users\Pradeep K\Documents\Visual Studio 2010\Projects\TicTacToe\TicTacToe\Debug\TicTacToe.vcxprojResolveAssemblyReference.cache
C:\Users\Pradeep K\Documents\Visual Studio 2010\Projects\TicTacToe\TicTacToe\Debug\TicTacToe.write.1.tlog
C:\USERS\PRADEEP K\DOCUMENTS\VISUAL STUDIO 2010\PROJECTS\TICTACTOE\TICTACTOE\DEBUG\VC100.PDB
